SecureSuite/build/outputs/logs/manifest-merger-debug-report.txt
-- Merging decision tree log ---
manifest
ADDED from src/main/AndroidManifest.xml:21:1-154:12
	package
		ADDED from src/main/AndroidManifest.xml:22:5-39
		INJECTED from src/main/AndroidManifest.xml
		INJECTED from src/main/AndroidManifest.xml
	android:versionName
		ADDED from src/main/AndroidManifest.xml:24:5-28
		INJECTED from src/main/AndroidManifest.xml
		INJECTED from src/main/AndroidManifest.xml
	android:versionCode
		ADDED from src/main/AndroidManifest.xml:23:5-28
		INJECTED from src/main/AndroidManifest.xml
		INJECTED from src/main/AndroidManifest.xml
	xmlns:android
		ADDED from src/main/AndroidManifest.xml:21:11-69
uses-sdk
ADDED from src/main/AndroidManifest.xml:26:5-28:40
MERGED from [net.zetetic:android-database-sqlcipher:3.5.3] AndroidManifest.xml:3:3-40
MERGED from [com.android.support:support-v4:25.1.1] AndroidManifest.xml:21:5-23:54
MERGED from [com.android.support:support-fragment:25.1.1] AndroidManifest.xml:21:5-23:60
MERGED from [com.android.support:support-media-compat:25.1.1] AndroidManifest.xml:21:5-23:63
MERGED from [com.android.support:support-core-ui:25.1.1] AndroidManifest.xml:21:5-23:58
MERGED from [com.android.support:support-core-utils:25.1.1] AndroidManifest.xml:21:5-23:61
MERGED from [com.android.support:support-compat:25.1.1] AndroidManifest.xml:21:5-23:58
	tools:overrideLibrary
		ADDED from [com.android.support:support-v4:25.1.1] AndroidManifest.xml:23:9-51
	android:targetSdkVersion
		ADDED from src/main/AndroidManifest.xml:28:9-37
		INJECTED from src/main/AndroidManifest.xml
		INJECTED from src/main/AndroidManifest.xml
	android:minSdkVersion
		ADDED from src/main/AndroidManifest.xml:27:9-34
		INJECTED from src/main/AndroidManifest.xml
		INJECTED from src/main/AndroidManifest.xml
uses-permission#android.permission.ACCESS_NETWORK_STATE
ADDED from src/main/AndroidManifest.xml:30:5-78
	android:name
		ADDED from src/main/AndroidManifest.xml:30:22-76
uses-permission#android.permission.ACCESS_WIFI_STATE
ADDED from src/main/AndroidManifest.xml:31:5-76
	android:name
		ADDED from src/main/AndroidManifest.xml:31:22-73
uses-permission#android.permission.GET_ACCOUNTS
ADDED from src/main/AndroidManifest.xml:33:5-71
	android:name
		ADDED from src/main/AndroidManifest.xml:33:22-68
uses-permission#android.permission.INTERNET
ADDED from src/main/AndroidManifest.xml:34:5-67
	android:name
		ADDED from src/main/AndroidManifest.xml:34:22-64
uses-permission#android.permission.PROCESS_OUTGOING_CALLS
ADDED from src/main/AndroidManifest.xml:35:5-80
	android:name
		ADDED from src/main/AndroidManifest.xml:35:22-78
uses-permission#android.permission.READ_CONTACTS
ADDED from src/main/AndroidManifest.xml:36:5-72
	android:name
		ADDED from src/main/AndroidManifest.xml:36:22-69
uses-permission#android.permission.READ_PHONE_STATE
ADDED from src/main/AndroidManifest.xml:37:5-75
	android:name
		ADDED from src/main/AndroidManifest.xml:37:22-72
uses-permission#android.permission.RECEIVE_BOOT_COMPLETED
ADDED from src/main/AndroidManifest.xml:38:5-81
	android:name
		ADDED from src/main/AndroidManifest.xml:38:22-78
uses-permission#android.permission.VIBRATE
ADDED from src/main/AndroidManifest.xml:39:5-66
	android:name
		ADDED from src/main/AndroidManifest.xml:39:22-63
uses-permission#android.permission.WRITE_EXTERNAL_STORAGE
ADDED from src/main/AndroidManifest.xml:40:5-81
	android:name
		ADDED from src/main/AndroidManifest.xml:40:22-78
uses-permission#android.permission.NFC
ADDED from src/main/AndroidManifest.xml:41:5-62
	android:name
		ADDED from src/main/AndroidManifest.xml:41:22-59
uses-feature#android.hardware.nfc
ADDED from src/main/AndroidManifest.xml:43:5-82
	android:required
		ADDED from src/main/AndroidManifest.xml:43:55-79
	android:name
		ADDED from src/main/AndroidManifest.xml:43:19-54
supports-screens
ADDED from src/main/AndroidManifest.xml:45:5-81
	android:largeScreens
		ADDED from src/main/AndroidManifest.xml:45:23-50
	android:xlargeScreens
		ADDED from src/main/AndroidManifest.xml:45:51-79
application
ADDED from src/main/AndroidManifest.xml:47:5-152:19
MERGED from [com.android.support:support-v4:25.1.1] AndroidManifest.xml:25:5-20
MERGED from [com.android.support:support-fragment:25.1.1] AndroidManifest.xml:25:5-20
MERGED from [com.android.support:support-media-compat:25.1.1] AndroidManifest.xml:25:5-20
MERGED from [com.android.support:support-core-ui:25.1.1] AndroidManifest.xml:25:5-20
MERGED from [com.android.support:support-core-utils:25.1.1] AndroidManifest.xml:25:5-20
MERGED from [com.android.support:support-compat:25.1.1] AndroidManifest.xml:25:5-20
	android:label
		ADDED from src/main/AndroidManifest.xml:51:9-41
	android:allowBackup
		ADDED from src/main/AndroidManifest.xml:49:9-36
	android:icon
		ADDED from src/main/AndroidManifest.xml:50:9-43
	android:name
		ADDED from src/main/AndroidManifest.xml:48:9-57
service#com.nuvolect.securesuite.util.WorkerService
ADDED from src/main/AndroidManifest.xml:53:9-56:19
	android:label
		ADDED from src/main/AndroidManifest.xml:55:13-50
	android:name
		ADDED from src/main/AndroidManifest.xml:54:13-71
activity#com.nuvolect.securesuite.main.ContactListActivity
ADDED from src/main/AndroidManifest.xml:57:9-68:20
	android:label
		ADDED from src/main/AndroidManifest.xml:60:13-45
	android:launchMode
		ADDED from src/main/AndroidManifest.xml:59:13-43
	android:name
		ADDED from src/main/AndroidManifest.xml:58:13-77
intent-filter#android.intent.action.MAIN+android.intent.category.LAUNCHER
ADDED from src/main/AndroidManifest.xml:61:13-64:29
action#android.intent.action.MAIN
ADDED from src/main/AndroidManifest.xml:62:17-69
	android:name
		ADDED from src/main/AndroidManifest.xml:62:25-66
category#android.intent.category.LAUNCHER
ADDED from src/main/AndroidManifest.xml:63:17-77
	android:name
		ADDED from src/main/AndroidManifest.xml:63:27-74
meta-data#android.app.searchable
ADDED from src/main/AndroidManifest.xml:65:13-67:51
	android:resource
		ADDED from src/main/AndroidManifest.xml:67:14-48
	android:name
		ADDED from src/main/AndroidManifest.xml:66:17-54
activity#com.nuvolect.securesuite.main.LockActivity
ADDED from src/main/AndroidManifest.xml:69:9-73:20
	android:label
		ADDED from src/main/AndroidManifest.xml:72:13-40
	android:launchMode
		ADDED from src/main/AndroidManifest.xml:71:13-43
	android:name
		ADDED from src/main/AndroidManifest.xml:70:13-70
activity#com.nuvolect.securesuite.main.EditGroupActivity
ADDED from src/main/AndroidManifest.xml:74:9-78:20
	android:label
		ADDED from src/main/AndroidManifest.xml:77:13-39
	android:launchMode
		ADDED from src/main/AndroidManifest.xml:76:13-43
	android:name
		ADDED from src/main/AndroidManifest.xml:75:13-75
activity#com.nuvolect.securesuite.main.ContactDetailActivity
ADDED from src/main/AndroidManifest.xml:79:9-82:20
	android:label
		ADDED from src/main/AndroidManifest.xml:81:13-45
	android:name
		ADDED from src/main/AndroidManifest.xml:80:13-79
activity#com.nuvolect.securesuite.main.ContactEditActivity
ADDED from src/main/AndroidManifest.xml:83:9-87:20
	android:label
		ADDED from src/main/AndroidManifest.xml:86:13-45
	android:windowSoftInputMode
		ADDED from src/main/AndroidManifest.xml:85:13-54
	android:name
		ADDED from src/main/AndroidManifest.xml:84:13-77
activity#com.nuvolect.securesuite.main.GroupListActivity
ADDED from src/main/AndroidManifest.xml:88:9-92:20
	android:label
		ADDED from src/main/AndroidManifest.xml:91:13-45
	android:launchMode
		ADDED from src/main/AndroidManifest.xml:90:13-43
	android:name
		ADDED from src/main/AndroidManifest.xml:89:13-75
activity#com.nuvolect.securesuite.main.GroupDetailActivity
ADDED from src/main/AndroidManifest.xml:93:9-96:20
	android:label
		ADDED from src/main/AndroidManifest.xml:95:13-45
	android:name
		ADDED from src/main/AndroidManifest.xml:94:13-77
activity#com.nuvolect.securesuite.main.GroupSendSms
ADDED from src/main/AndroidManifest.xml:97:9-101:20
	android:label
		ADDED from src/main/AndroidManifest.xml:100:13-45
	android:launchMode
		ADDED from src/main/AndroidManifest.xml:99:13-43
	android:name
		ADDED from src/main/AndroidManifest.xml:98:13-70
activity#com.nuvolect.securesuite.util.FileBrowserImportVcf
ADDED from src/main/AndroidManifest.xml:102:9-106:20
	android:label
		ADDED from src/main/AndroidManifest.xml:105:13-45
	android:configChanges
		ADDED from src/main/AndroidManifest.xml:104:13-74
	android:name
		ADDED from src/main/AndroidManifest.xml:103:13-78
activity#com.nuvolect.securesuite.util.FileBrowserDbRestore
ADDED from src/main/AndroidManifest.xml:107:9-111:20
	android:label
		ADDED from src/main/AndroidManifest.xml:110:13-45
	android:configChanges
		ADDED from src/main/AndroidManifest.xml:109:13-74
	android:name
		ADDED from src/main/AndroidManifest.xml:108:13-78
activity#com.nuvolect.securesuite.main.SettingsActivity
ADDED from src/main/AndroidManifest.xml:112:9-115:20
	android:label
		ADDED from src/main/AndroidManifest.xml:114:13-45
	android:name
		ADDED from src/main/AndroidManifest.xml:113:13-74
provider#android.support.v4.content.FileProvider
ADDED from src/main/AndroidManifest.xml:116:9-124:20
	android:authorities
		ADDED from src/main/AndroidManifest.xml:118:13-60
		INJECTED from src/main/AndroidManifest.xml
	android:grantUriPermissions
		ADDED from src/main/AndroidManifest.xml:120:13-47
	android:exported
		ADDED from src/main/AndroidManifest.xml:119:13-37
	android:name
		ADDED from src/main/AndroidManifest.xml:117:13-67
meta-data#android.support.FILE_PROVIDER_PATHS
ADDED from src/main/AndroidManifest.xml:121:13-123:56
	android:resource
		ADDED from src/main/AndroidManifest.xml:123:17-53
	android:name
		ADDED from src/main/AndroidManifest.xml:122:17-67
service#com.nuvolect.securesuite.webserver.WebService
ADDED from src/main/AndroidManifest.xml:126:9-128:19
	android:name
		ADDED from src/main/AndroidManifest.xml:127:13-73
receiver#com.nuvolect.securesuite.main.BootReceiver
ADDED from src/main/AndroidManifest.xml:130:9-135:20
	android:name
		ADDED from src/main/AndroidManifest.xml:130:19-76
intent-filter#android.intent.action.BOOT_COMPLETED+android.intent.category.HOME
ADDED from src/main/AndroidManifest.xml:131:13-134:29
action#android.intent.action.BOOT_COMPLETED
ADDED from src/main/AndroidManifest.xml:132:17-79
	android:name
		ADDED from src/main/AndroidManifest.xml:132:25-76
category#android.intent.category.HOME
ADDED from src/main/AndroidManifest.xml:133:17-73
	android:name
		ADDED from src/main/AndroidManifest.xml:133:27-70
receiver#com.nuvolect.securesuite.util.WifiBroadcastReceiver
ADDED from src/main/AndroidManifest.xml:137:9-142:20
	android:name
		ADDED from src/main/AndroidManifest.xml:138:13-79
intent-filter#android.net.conn.CONNECTIVITY_CHANGE
ADDED from src/main/AndroidManifest.xml:139:13-141:29
action#android.net.conn.CONNECTIVITY_CHANGE
ADDED from src/main/AndroidManifest.xml:140:17-79
	android:name
		ADDED from src/main/AndroidManifest.xml:140:25-76
receiver#com.nuvolect.securesuite.main.IncomingCallReceiver
ADDED from src/main/AndroidManifest.xml:144:9-150:20
	android:name
		ADDED from src/main/AndroidManifest.xml:145:13-78
intent-filter#android.intent.action.NEW_OUTGOING_CALL+android.intent.action.PHONE_STATE
ADDED from src/main/AndroidManifest.xml:146:13-149:29
action#android.intent.action.PHONE_STATE
ADDED from src/main/AndroidManifest.xml:147:17-76
	android:name
		ADDED from src/main/AndroidManifest.xml:147:25-73
action#android.intent.action.NEW_OUTGOING_CALL
ADDED from src/main/AndroidManifest.xml:148:17-82
	android:name
		ADDED from src/main/AndroidManifest.xml:148:25-79